====== START ====== 
[Merge Level]: 	merge 
 
[Project]: 	source file copy
 

MD:
 E:/htdocs/qzone_proj/trunk/veditor/build/../release/adapter/ 

CC: 
  SRC:E:\htdocs\qzone_proj\trunk\veditor\build\..\source\adapter/jquery.adapter.js 
  TAG:E:/htdocs/qzone_proj/trunk/veditor/build/../release/adapter/jquery.adapter.js 

CC: 
  SRC:E:\htdocs\qzone_proj\trunk\veditor\build\..\source\adapter/qzfl.adapter.js 
  TAG:E:/htdocs/qzone_proj/trunk/veditor/build/../release/adapter/qzfl.adapter.js 

MD:
 E:/htdocs/qzone_proj/trunk/veditor/build/../release/core/ 

CC: 
  SRC:E:\htdocs\qzone_proj\trunk\veditor\build\..\source\core/core.js 
  TAG:E:/htdocs/qzone_proj/trunk/veditor/build/../release/core/core.js 

CC: 
  SRC:E:\htdocs\qzone_proj\trunk\veditor\build\..\source\core/dtd.js 
  TAG:E:/htdocs/qzone_proj/trunk/veditor/build/../release/core/dtd.js 

CC: 
  SRC:E:\htdocs\qzone_proj\trunk\veditor\build\..\source\core/editor.js 
  TAG:E:/htdocs/qzone_proj/trunk/veditor/build/../release/core/editor.js 

CC: 
  SRC:E:\htdocs\qzone_proj\trunk\veditor\build\..\source\core/editorcommands.js 
  TAG:E:/htdocs/qzone_proj/trunk/veditor/build/../release/core/editorcommands.js 

MD:
 E:/htdocs/qzone_proj/trunk/veditor/build/../release/core/helper/ 

CC: 
  SRC:E:\htdocs\qzone_proj\trunk\veditor\build\..\source\core\helper/dom.js 
  TAG:E:/htdocs/qzone_proj/trunk/veditor/build/../release/core/helper/dom.js 

CC: 
  SRC:E:\htdocs\qzone_proj\trunk\veditor\build\..\source\core\helper/event.js 
  TAG:E:/htdocs/qzone_proj/trunk/veditor/build/../release/core/helper/event.js 

CC: 
  SRC:E:\htdocs\qzone_proj\trunk\veditor\build\..\source\core\helper/lang - 副本.js 
  TAG:E:/htdocs/qzone_proj/trunk/veditor/build/../release/core/helper/lang - 副本.js 

CC: 
  SRC:E:\htdocs\qzone_proj\trunk\veditor\build\..\source\core\helper/lang.js 
  TAG:E:/htdocs/qzone_proj/trunk/veditor/build/../release/core/helper/lang.js 

CC: 
  SRC:E:\htdocs\qzone_proj\trunk\veditor\build\..\source\core\helper/net.js 
  TAG:E:/htdocs/qzone_proj/trunk/veditor/build/../release/core/helper/net.js 

CC: 
  SRC:E:\htdocs\qzone_proj\trunk\veditor\build\..\source\core\helper/selector.js 
  TAG:E:/htdocs/qzone_proj/trunk/veditor/build/../release/core/helper/selector.js 

CC: 
  SRC:E:\htdocs\qzone_proj\trunk\veditor\build\..\source\core\helper/string.js 
  TAG:E:/htdocs/qzone_proj/trunk/veditor/build/../release/core/helper/string.js 

CC: 
  SRC:E:\htdocs\qzone_proj\trunk\veditor\build\..\source\core\helper/ua.js 
  TAG:E:/htdocs/qzone_proj/trunk/veditor/build/../release/core/helper/ua.js 

CC: 
  SRC:E:\htdocs\qzone_proj\trunk\veditor\build\..\source\core/plugin.js 
  TAG:E:/htdocs/qzone_proj/trunk/veditor/build/../release/core/plugin.js 

CC: 
  SRC:E:\htdocs\qzone_proj\trunk\veditor\build\..\source\core/range.js 
  TAG:E:/htdocs/qzone_proj/trunk/veditor/build/../release/core/range.js 

MD:
 E:/htdocs/qzone_proj/trunk/veditor/build/../release/core/ui/ 

CC: 
  SRC:E:\htdocs\qzone_proj\trunk\veditor\build\..\source\core\ui/base.js 
  TAG:E:/htdocs/qzone_proj/trunk/veditor/build/../release/core/ui/base.js 

CC: 
  SRC:E:\htdocs\qzone_proj\trunk\veditor\build\..\source\core\ui/button.js 
  TAG:E:/htdocs/qzone_proj/trunk/veditor/build/../release/core/ui/button.js 

CC: 
  SRC:E:\htdocs\qzone_proj\trunk\veditor\build\..\source\core\ui/container.js 
  TAG:E:/htdocs/qzone_proj/trunk/veditor/build/../release/core/ui/container.js 

CC: 
  SRC:E:\htdocs\qzone_proj\trunk\veditor\build\..\source\core\ui/listbox.js 
  TAG:E:/htdocs/qzone_proj/trunk/veditor/build/../release/core/ui/listbox.js 

CC: 
  SRC:E:\htdocs\qzone_proj\trunk\veditor\build\..\source\core\ui/masklayer.js 
  TAG:E:/htdocs/qzone_proj/trunk/veditor/build/../release/core/ui/masklayer.js 

CC: 
  SRC:E:\htdocs\qzone_proj\trunk\veditor\build\..\source\core\ui/msg.js 
  TAG:E:/htdocs/qzone_proj/trunk/veditor/build/../release/core/ui/msg.js 

CC: 
  SRC:E:\htdocs\qzone_proj\trunk\veditor\build\..\source\core\ui/popup.js 
  TAG:E:/htdocs/qzone_proj/trunk/veditor/build/../release/core/ui/popup.js 

CC: 
  SRC:E:\htdocs\qzone_proj\trunk\veditor\build\..\source\core\ui/simplepopup.js 
  TAG:E:/htdocs/qzone_proj/trunk/veditor/build/../release/core/ui/simplepopup.js 

CC: 
  SRC:E:\htdocs\qzone_proj\trunk\veditor\build\..\source\core\ui/toolbar.js 
  TAG:E:/htdocs/qzone_proj/trunk/veditor/build/../release/core/ui/toolbar.js 

CC: 
  SRC:E:\htdocs\qzone_proj\trunk\veditor\build\..\source\core\ui/uicontrol.js 
  TAG:E:/htdocs/qzone_proj/trunk/veditor/build/../release/core/ui/uicontrol.js 

CC: 
  SRC:E:\htdocs\qzone_proj\trunk\veditor\build\..\source\core/view.js 
  TAG:E:/htdocs/qzone_proj/trunk/veditor/build/../release/core/view.js 

MD:
 E:/htdocs/qzone_proj/trunk/veditor/build/../release/lang/ 

CC: 
  SRC:E:\htdocs\qzone_proj\trunk\veditor\build\..\source\lang/en-us.js 
  TAG:E:/htdocs/qzone_proj/trunk/veditor/build/../release/lang/en-us.js 

CC: 
  SRC:E:\htdocs\qzone_proj\trunk\veditor\build\..\source\lang/en.js 
  TAG:E:/htdocs/qzone_proj/trunk/veditor/build/../release/lang/en.js 

CC: 
  SRC:E:\htdocs\qzone_proj\trunk\veditor\build\..\source\lang/zh-cn.js 
  TAG:E:/htdocs/qzone_proj/trunk/veditor/build/../release/lang/zh-cn.js 

MD:
 E:/htdocs/qzone_proj/trunk/veditor/build/../release/plugins/ 

MD:
 E:/htdocs/qzone_proj/trunk/veditor/build/../release/plugins/autocomposing/ 

CC: 
  SRC:E:\htdocs\qzone_proj\trunk\veditor\build\..\source\plugins\autocomposing/plugin.js 
  TAG:E:/htdocs/qzone_proj/trunk/veditor/build/../release/plugins/autocomposing/plugin.js 

MD:
 E:/htdocs/qzone_proj/trunk/veditor/build/../release/plugins/backcolor/ 

CC: 
  SRC:E:\htdocs\qzone_proj\trunk\veditor\build\..\source\plugins\backcolor/plugins.js 
  TAG:E:/htdocs/qzone_proj/trunk/veditor/build/../release/plugins/backcolor/plugins.js 

MD:
 E:/htdocs/qzone_proj/trunk/veditor/build/../release/plugins/code/ 

MD:
 E:/htdocs/qzone_proj/trunk/veditor/build/../release/plugins/code/ace-builds-master/ 

CC: 
  SRC:E:\htdocs\qzone_proj\trunk\veditor\build\..\source\plugins\code\ace-builds-master/editor.html 
  TAG:E:/htdocs/qzone_proj/trunk/veditor/build/../release/plugins/code/ace-builds-master/editor.html 

MD:
 E:/htdocs/qzone_proj/trunk/veditor/build/../release/plugins/code/ace-builds-master/src-min-noconflict/ 

CC: 
  SRC:E:\htdocs\qzone_proj\trunk\veditor\build\..\source\plugins\code\ace-builds-master\src-min-noconflict/ace.js 
  TAG:E:/htdocs/qzone_proj/trunk/veditor/build/../release/plugins/code/ace-builds-master/src-min-noconflict/ace.js 

CC: 
  SRC:E:\htdocs\qzone_proj\trunk\veditor\build\..\source\plugins\code\ace-builds-master\src-min-noconflict/ext-elastic_tabstops_lite.js 
  TAG:E:/htdocs/qzone_proj/trunk/veditor/build/../release/plugins/code/ace-builds-master/src-min-noconflict/ext-elastic_tabstops_lite.js 

CC: 
  SRC:E:\htdocs\qzone_proj\trunk\veditor\build\..\source\plugins\code\ace-builds-master\src-min-noconflict/ext-emmet.js 
  TAG:E:/htdocs/qzone_proj/trunk/veditor/build/../release/plugins/code/ace-builds-master/src-min-noconflict/ext-emmet.js 

CC: 
  SRC:E:\htdocs\qzone_proj\trunk\veditor\build\..\source\plugins\code\ace-builds-master\src-min-noconflict/ext-searchbox.js 
  TAG:E:/htdocs/qzone_proj/trunk/veditor/build/../release/plugins/code/ace-builds-master/src-min-noconflict/ext-searchbox.js 

CC: 
  SRC:E:\htdocs\qzone_proj\trunk\veditor\build\..\source\plugins\code\ace-builds-master\src-min-noconflict/ext-spellcheck.js 
  TAG:E:/htdocs/qzone_proj/trunk/veditor/build/../release/plugins/code/ace-builds-master/src-min-noconflict/ext-spellcheck.js 

CC: 
  SRC:E:\htdocs\qzone_proj\trunk\veditor\build\..\source\plugins\code\ace-builds-master\src-min-noconflict/ext-static_highlight.js 
  TAG:E:/htdocs/qzone_proj/trunk/veditor/build/../release/plugins/code/ace-builds-master/src-min-noconflict/ext-static_highlight.js 

CC: 
  SRC:E:\htdocs\qzone_proj\trunk\veditor\build\..\source\plugins\code\ace-builds-master\src-min-noconflict/ext-textarea.js 
  TAG:E:/htdocs/qzone_proj/trunk/veditor/build/../release/plugins/code/ace-builds-master/src-min-noconflict/ext-textarea.js 

CC: 
  SRC:E:\htdocs\qzone_proj\trunk\veditor\build\..\source\plugins\code\ace-builds-master\src-min-noconflict/ext-whitespace.js 
  TAG:E:/htdocs/qzone_proj/trunk/veditor/build/../release/plugins/code/ace-builds-master/src-min-noconflict/ext-whitespace.js 

CC: 
  SRC:E:\htdocs\qzone_proj\trunk\veditor\build\..\source\plugins\code\ace-builds-master\src-min-noconflict/keybinding-emacs.js 
  TAG:E:/htdocs/qzone_proj/trunk/veditor/build/../release/plugins/code/ace-builds-master/src-min-noconflict/keybinding-emacs.js 

CC: 
  SRC:E:\htdocs\qzone_proj\trunk\veditor\build\..\source\plugins\code\ace-builds-master\src-min-noconflict/keybinding-vim.js 
  TAG:E:/htdocs/qzone_proj/trunk/veditor/build/../release/plugins/code/ace-builds-master/src-min-noconflict/keybinding-vim.js 

CC: 
  SRC:E:\htdocs\qzone_proj\trunk\veditor\build\..\source\plugins\code\ace-builds-master\src-min-noconflict/mode-abap.js 
  TAG:E:/htdocs/qzone_proj/trunk/veditor/build/../release/plugins/code/ace-builds-master/src-min-noconflict/mode-abap.js 

CC: 
  SRC:E:\htdocs\qzone_proj\trunk\veditor\build\..\source\plugins\code\ace-builds-master\src-min-noconflict/mode-asciidoc.js 
  TAG:E:/htdocs/qzone_proj/trunk/veditor/build/../release/plugins/code/ace-builds-master/src-min-noconflict/mode-asciidoc.js 

CC: 
  SRC:E:\htdocs\qzone_proj\trunk\veditor\build\..\source\plugins\code\ace-builds-master\src-min-noconflict/mode-c9search.js 
  TAG:E:/htdocs/qzone_proj/trunk/veditor/build/../release/plugins/code/ace-builds-master/src-min-noconflict/mode-c9search.js 

CC: 
  SRC:E:\htdocs\qzone_proj\trunk\veditor\build\..\source\plugins\code\ace-builds-master\src-min-noconflict/mode-clojure.js 
  TAG:E:/htdocs/qzone_proj/trunk/veditor/build/../release/plugins/code/ace-builds-master/src-min-noconflict/mode-clojure.js 

CC: 
  SRC:E:\htdocs\qzone_proj\trunk\veditor\build\..\source\plugins\code\ace-builds-master\src-min-noconflict/mode-coffee.js 
  TAG:E:/htdocs/qzone_proj/trunk/veditor/build/../release/plugins/code/ace-builds-master/src-min-noconflict/mode-coffee.js 

CC: 
  SRC:E:\htdocs\qzone_proj\trunk\veditor\build\..\source\plugins\code\ace-builds-master\src-min-noconflict/mode-coldfusion.js 
  TAG:E:/htdocs/qzone_proj/trunk/veditor/build/../release/plugins/code/ace-builds-master/src-min-noconflict/mode-coldfusion.js 

CC: 
  SRC:E:\htdocs\qzone_proj\trunk\veditor\build\..\source\plugins\code\ace-builds-master\src-min-noconflict/mode-csharp.js 
  TAG:E:/htdocs/qzone_proj/trunk/veditor/build/../release/plugins/code/ace-builds-master/src-min-noconflict/mode-csharp.js 

CC: 
  SRC:E:\htdocs\qzone_proj\trunk\veditor\build\..\source\plugins\code\ace-builds-master\src-min-noconflict/mode-css.js 
  TAG:E:/htdocs/qzone_proj/trunk/veditor/build/../release/plugins/code/ace-builds-master/src-min-noconflict/mode-css.js 

CC: 
  SRC:E:\htdocs\qzone_proj\trunk\veditor\build\..\source\plugins\code\ace-builds-master\src-min-noconflict/mode-curly.js 
  TAG:E:/htdocs/qzone_proj/trunk/veditor/build/../release/plugins/code/ace-builds-master/src-min-noconflict/mode-curly.js 

CC: 
  SRC:E:\htdocs\qzone_proj\trunk\veditor\build\..\source\plugins\code\ace-builds-master\src-min-noconflict/mode-c_cpp.js 
  TAG:E:/htdocs/qzone_proj/trunk/veditor/build/../release/plugins/code/ace-builds-master/src-min-noconflict/mode-c_cpp.js 

CC: 
  SRC:E:\htdocs\qzone_proj\trunk\veditor\build\..\source\plugins\code\ace-builds-master\src-min-noconflict/mode-dart.js 
  TAG:E:/htdocs/qzone_proj/trunk/veditor/build/../release/plugins/code/ace-builds-master/src-min-noconflict/mode-dart.js 

CC: 
  SRC:E:\htdocs\qzone_proj\trunk\veditor\build\..\source\plugins\code\ace-builds-master\src-min-noconflict/mode-diff.js 
  TAG:E:/htdocs/qzone_proj/trunk/veditor/build/../release/plugins/code/ace-builds-master/src-min-noconflict/mode-diff.js 

CC: 
  SRC:E:\htdocs\qzone_proj\trunk\veditor\build\..\source\plugins\code\ace-builds-master\src-min-noconflict/mode-django.js 
  TAG:E:/htdocs/qzone_proj/trunk/veditor/build/../release/plugins/code/ace-builds-master/src-min-noconflict/mode-django.js 

CC: 
  SRC:E:\htdocs\qzone_proj\trunk\veditor\build\..\source\plugins\code\ace-builds-master\src-min-noconflict/mode-dot.js 
  TAG:E:/htdocs/qzone_proj/trunk/veditor/build/../release/plugins/code/ace-builds-master/src-min-noconflict/mode-dot.js 

CC: 
  SRC:E:\htdocs\qzone_proj\trunk\veditor\build\..\source\plugins\code\ace-builds-master\src-min-noconflict/mode-ftl.js 
  TAG:E:/htdocs/qzone_proj/trunk/veditor/build/../release/plugins/code/ace-builds-master/src-min-noconflict/mode-ftl.js 

CC: 
  SRC:E:\htdocs\qzone_proj\trunk\veditor\build\..\source\plugins\code\ace-builds-master\src-min-noconflict/mode-glsl.js 
  TAG:E:/htdocs/qzone_proj/trunk/veditor/build/../release/plugins/code/ace-builds-master/src-min-noconflict/mode-glsl.js 

CC: 
  SRC:E:\htdocs\qzone_proj\trunk\veditor\build\..\source\plugins\code\ace-builds-master\src-min-noconflict/mode-golang.js 
  TAG:E:/htdocs/qzone_proj/trunk/veditor/build/../release/plugins/code/ace-builds-master/src-min-noconflict/mode-golang.js 

CC: 
  SRC:E:\htdocs\qzone_proj\trunk\veditor\build\..\source\plugins\code\ace-builds-master\src-min-noconflict/mode-groovy.js 
  TAG:E:/htdocs/qzone_proj/trunk/veditor/build/../release/plugins/code/ace-builds-master/src-min-noconflict/mode-groovy.js 

CC: 
  SRC:E:\htdocs\qzone_proj\trunk\veditor\build\..\source\plugins\code\ace-builds-master\src-min-noconflict/mode-haml.js 
  TAG:E:/htdocs/qzone_proj/trunk/veditor/build/../release/plugins/code/ace-builds-master/src-min-noconflict/mode-haml.js 

CC: 
  SRC:E:\htdocs\qzone_proj\trunk\veditor\build\..\source\plugins\code\ace-builds-master\src-min-noconflict/mode-haxe.js 
  TAG:E:/htdocs/qzone_proj/trunk/veditor/build/../release/plugins/code/ace-builds-master/src-min-noconflict/mode-haxe.js 

CC: 
  SRC:E:\htdocs\qzone_proj\trunk\veditor\build\..\source\plugins\code\ace-builds-master\src-min-noconflict/mode-html.js 
  TAG:E:/htdocs/qzone_proj/trunk/veditor/build/../release/plugins/code/ace-builds-master/src-min-noconflict/mode-html.js 

CC: 
  SRC:E:\htdocs\qzone_proj\trunk\veditor\build\..\source\plugins\code\ace-builds-master\src-min-noconflict/mode-jade.js 
  TAG:E:/htdocs/qzone_proj/trunk/veditor/build/../release/plugins/code/ace-builds-master/src-min-noconflict/mode-jade.js 

CC: 
  SRC:E:\htdocs\qzone_proj\trunk\veditor\build\..\source\plugins\code\ace-builds-master\src-min-noconflict/mode-java.js 
  TAG:E:/htdocs/qzone_proj/trunk/veditor/build/../release/plugins/code/ace-builds-master/src-min-noconflict/mode-java.js 

CC: 
  SRC:E:\htdocs\qzone_proj\trunk\veditor\build\..\source\plugins\code\ace-builds-master\src-min-noconflict/mode-javascript.js 
  TAG:E:/htdocs/qzone_proj/trunk/veditor/build/../release/plugins/code/ace-builds-master/src-min-noconflict/mode-javascript.js 

CC: 
  SRC:E:\htdocs\qzone_proj\trunk\veditor\build\..\source\plugins\code\ace-builds-master\src-min-noconflict/mode-json.js 
  TAG:E:/htdocs/qzone_proj/trunk/veditor/build/../release/plugins/code/ace-builds-master/src-min-noconflict/mode-json.js 

CC: 
  SRC:E:\htdocs\qzone_proj\trunk\veditor\build\..\source\plugins\code\ace-builds-master\src-min-noconflict/mode-jsp.js 
  TAG:E:/htdocs/qzone_proj/trunk/veditor/build/../release/plugins/code/ace-builds-master/src-min-noconflict/mode-jsp.js 

CC: 
  SRC:E:\htdocs\qzone_proj\trunk\veditor\build\..\source\plugins\code\ace-builds-master\src-min-noconflict/mode-jsx.js 
  TAG:E:/htdocs/qzone_proj/trunk/veditor/build/../release/plugins/code/ace-builds-master/src-min-noconflict/mode-jsx.js 

CC: 
  SRC:E:\htdocs\qzone_proj\trunk\veditor\build\..\source\plugins\code\ace-builds-master\src-min-noconflict/mode-latex.js 
  TAG:E:/htdocs/qzone_proj/trunk/veditor/build/../release/plugins/code/ace-builds-master/src-min-noconflict/mode-latex.js 

CC: 
  SRC:E:\htdocs\qzone_proj\trunk\veditor\build\..\source\plugins\code\ace-builds-master\src-min-noconflict/mode-less.js 
  TAG:E:/htdocs/qzone_proj/trunk/veditor/build/../release/plugins/code/ace-builds-master/src-min-noconflict/mode-less.js 

CC: 
  SRC:E:\htdocs\qzone_proj\trunk\veditor\build\..\source\plugins\code\ace-builds-master\src-min-noconflict/mode-liquid.js 
  TAG:E:/htdocs/qzone_proj/trunk/veditor/build/../release/plugins/code/ace-builds-master/src-min-noconflict/mode-liquid.js 

CC: 
  SRC:E:\htdocs\qzone_proj\trunk\veditor\build\..\source\plugins\code\ace-builds-master\src-min-noconflict/mode-lisp.js 
  TAG:E:/htdocs/qzone_proj/trunk/veditor/build/../release/plugins/code/ace-builds-master/src-min-noconflict/mode-lisp.js 

CC: 
  SRC:E:\htdocs\qzone_proj\trunk\veditor\build\..\source\plugins\code\ace-builds-master\src-min-noconflict/mode-livescript.js 
  TAG:E:/htdocs/qzone_proj/trunk/veditor/build/../release/plugins/code/ace-builds-master/src-min-noconflict/mode-livescript.js 

CC: 
  SRC:E:\htdocs\qzone_proj\trunk\veditor\build\..\source\plugins\code\ace-builds-master\src-min-noconflict/mode-logiql.js 
  TAG:E:/htdocs/qzone_proj/trunk/veditor/build/../release/plugins/code/ace-builds-master/src-min-noconflict/mode-logiql.js 

CC: 
  SRC:E:\htdocs\qzone_proj\trunk\veditor\build\..\source\plugins\code\ace-builds-master\src-min-noconflict/mode-lsl.js 
  TAG:E:/htdocs/qzone_proj/trunk/veditor/build/../release/plugins/code/ace-builds-master/src-min-noconflict/mode-lsl.js 

CC: 
  SRC:E:\htdocs\qzone_proj\trunk\veditor\build\..\source\plugins\code\ace-builds-master\src-min-noconflict/mode-lua.js 
  TAG:E:/htdocs/qzone_proj/trunk/veditor/build/../release/plugins/code/ace-builds-master/src-min-noconflict/mode-lua.js 

CC: 
  SRC:E:\htdocs\qzone_proj\trunk\veditor\build\..\source\plugins\code\ace-builds-master\src-min-noconflict/mode-luapage.js 
  TAG:E:/htdocs/qzone_proj/trunk/veditor/build/../release/plugins/code/ace-builds-master/src-min-noconflict/mode-luapage.js 

CC: 
  SRC:E:\htdocs\qzone_proj\trunk\veditor\build\..\source\plugins\code\ace-builds-master\src-min-noconflict/mode-lucene.js 
  TAG:E:/htdocs/qzone_proj/trunk/veditor/build/../release/plugins/code/ace-builds-master/src-min-noconflict/mode-lucene.js 

CC: 
  SRC:E:\htdocs\qzone_proj\trunk\veditor\build\..\source\plugins\code\ace-builds-master\src-min-noconflict/mode-makefile.js 
  TAG:E:/htdocs/qzone_proj/trunk/veditor/build/../release/plugins/code/ace-builds-master/src-min-noconflict/mode-makefile.js 

CC: 
  SRC:E:\htdocs\qzone_proj\trunk\veditor\build\..\source\plugins\code\ace-builds-master\src-min-noconflict/mode-markdown.js 
  TAG:E:/htdocs/qzone_proj/trunk/veditor/build/../release/plugins/code/ace-builds-master/src-min-noconflict/mode-markdown.js 

CC: 
  SRC:E:\htdocs\qzone_proj\trunk\veditor\build\..\source\plugins\code\ace-builds-master\src-min-noconflict/mode-mushcode.js 
  TAG:E:/htdocs/qzone_proj/trunk/veditor/build/../release/plugins/code/ace-builds-master/src-min-noconflict/mode-mushcode.js 

CC: 
  SRC:E:\htdocs\qzone_proj\trunk\veditor\build\..\source\plugins\code\ace-builds-master\src-min-noconflict/mode-mushcode_high_rules.js 
  TAG:E:/htdocs/qzone_proj/trunk/veditor/build/../release/plugins/code/ace-builds-master/src-min-noconflict/mode-mushcode_high_rules.js 

CC: 
  SRC:E:\htdocs\qzone_proj\trunk\veditor\build\..\source\plugins\code\ace-builds-master\src-min-noconflict/mode-objectivec.js 
  TAG:E:/htdocs/qzone_proj/trunk/veditor/build/../release/plugins/code/ace-builds-master/src-min-noconflict/mode-objectivec.js 

CC: 
  SRC:E:\htdocs\qzone_proj\trunk\veditor\build\..\source\plugins\code\ace-builds-master\src-min-noconflict/mode-ocaml.js 
  TAG:E:/htdocs/qzone_proj/trunk/veditor/build/../release/plugins/code/ace-builds-master/src-min-noconflict/mode-ocaml.js 

CC: 
  SRC:E:\htdocs\qzone_proj\trunk\veditor\build\..\source\plugins\code\ace-builds-master\src-min-noconflict/mode-pascal.js 
  TAG:E:/htdocs/qzone_proj/trunk/veditor/build/../release/plugins/code/ace-builds-master/src-min-noconflict/mode-pascal.js 

CC: 
  SRC:E:\htdocs\qzone_proj\trunk\veditor\build\..\source\plugins\code\ace-builds-master\src-min-noconflict/mode-perl.js 
  TAG:E:/htdocs/qzone_proj/trunk/veditor/build/../release/plugins/code/ace-builds-master/src-min-noconflict/mode-perl.js 

CC: 
  SRC:E:\htdocs\qzone_proj\trunk\veditor\build\..\source\plugins\code\ace-builds-master\src-min-noconflict/mode-pgsql.js 
  TAG:E:/htdocs/qzone_proj/trunk/veditor/build/../release/plugins/code/ace-builds-master/src-min-noconflict/mode-pgsql.js 

CC: 
  SRC:E:\htdocs\qzone_proj\trunk\veditor\build\..\source\plugins\code\ace-builds-master\src-min-noconflict/mode-php.js 
  TAG:E:/htdocs/qzone_proj/trunk/veditor/build/../release/plugins/code/ace-builds-master/src-min-noconflict/mode-php.js 

CC: 
  SRC:E:\htdocs\qzone_proj\trunk\veditor\build\..\source\plugins\code\ace-builds-master\src-min-noconflict/mode-powershell.js 
  TAG:E:/htdocs/qzone_proj/trunk/veditor/build/../release/plugins/code/ace-builds-master/src-min-noconflict/mode-powershell.js 

CC: 
  SRC:E:\htdocs\qzone_proj\trunk\veditor\build\..\source\plugins\code\ace-builds-master\src-min-noconflict/mode-python.js 
  TAG:E:/htdocs/qzone_proj/trunk/veditor/build/../release/plugins/code/ace-builds-master/src-min-noconflict/mode-python.js 

CC: 
  SRC:E:\htdocs\qzone_proj\trunk\veditor\build\..\source\plugins\code\ace-builds-master\src-min-noconflict/mode-r.js 
  TAG:E:/htdocs/qzone_proj/trunk/veditor/build/../release/plugins/code/ace-builds-master/src-min-noconflict/mode-r.js 

CC: 
  SRC:E:\htdocs\qzone_proj\trunk\veditor\build\..\source\plugins\code\ace-builds-master\src-min-noconflict/mode-rdoc.js 
  TAG:E:/htdocs/qzone_proj/trunk/veditor/build/../release/plugins/code/ace-builds-master/src-min-noconflict/mode-rdoc.js 

CC: 
  SRC:E:\htdocs\qzone_proj\trunk\veditor\build\..\source\plugins\code\ace-builds-master\src-min-noconflict/mode-rhtml.js 
  TAG:E:/htdocs/qzone_proj/trunk/veditor/build/../release/plugins/code/ace-builds-master/src-min-noconflict/mode-rhtml.js 

CC: 
  SRC:E:\htdocs\qzone_proj\trunk\veditor\build\..\source\plugins\code\ace-builds-master\src-min-noconflict/mode-ruby.js 
  TAG:E:/htdocs/qzone_proj/trunk/veditor/build/../release/plugins/code/ace-builds-master/src-min-noconflict/mode-ruby.js 

CC: 
  SRC:E:\htdocs\qzone_proj\trunk\veditor\build\..\source\plugins\code\ace-builds-master\src-min-noconflict/mode-sass.js 
  TAG:E:/htdocs/qzone_proj/trunk/veditor/build/../release/plugins/code/ace-builds-master/src-min-noconflict/mode-sass.js 

CC: 
  SRC:E:\htdocs\qzone_proj\trunk\veditor\build\..\source\plugins\code\ace-builds-master\src-min-noconflict/mode-scad.js 
  TAG:E:/htdocs/qzone_proj/trunk/veditor/build/../release/plugins/code/ace-builds-master/src-min-noconflict/mode-scad.js 

CC: 
  SRC:E:\htdocs\qzone_proj\trunk\veditor\build\..\source\plugins\code\ace-builds-master\src-min-noconflict/mode-scala.js 
  TAG:E:/htdocs/qzone_proj/trunk/veditor/build/../release/plugins/code/ace-builds-master/src-min-noconflict/mode-scala.js 

CC: 
  SRC:E:\htdocs\qzone_proj\trunk\veditor\build\..\source\plugins\code\ace-builds-master\src-min-noconflict/mode-scheme.js 
  TAG:E:/htdocs/qzone_proj/trunk/veditor/build/../release/plugins/code/ace-builds-master/src-min-noconflict/mode-scheme.js 

CC: 
  SRC:E:\htdocs\qzone_proj\trunk\veditor\build\..\source\plugins\code\ace-builds-master\src-min-noconflict/mode-scss.js 
  TAG:E:/htdocs/qzone_proj/trunk/veditor/build/../release/plugins/code/ace-builds-master/src-min-noconflict/mode-scss.js 

CC: 
  SRC:E:\htdocs\qzone_proj\trunk\veditor\build\..\source\plugins\code\ace-builds-master\src-min-noconflict/mode-sh.js 
  TAG:E:/htdocs/qzone_proj/trunk/veditor/build/../release/plugins/code/ace-builds-master/src-min-noconflict/mode-sh.js 

CC: 
  SRC:E:\htdocs\qzone_proj\trunk\veditor\build\..\source\plugins\code\ace-builds-master\src-min-noconflict/mode-sql.js 
  TAG:E:/htdocs/qzone_proj/trunk/veditor/build/../release/plugins/code/ace-builds-master/src-min-noconflict/mode-sql.js 

CC: 
  SRC:E:\htdocs\qzone_proj\trunk\veditor\build\..\source\plugins\code\ace-builds-master\src-min-noconflict/mode-stylus.js 
  TAG:E:/htdocs/qzone_proj/trunk/veditor/build/../release/plugins/code/ace-builds-master/src-min-noconflict/mode-stylus.js 

CC: 
  SRC:E:\htdocs\qzone_proj\trunk\veditor\build\..\source\plugins\code\ace-builds-master\src-min-noconflict/mode-svg.js 
  TAG:E:/htdocs/qzone_proj/trunk/veditor/build/../release/plugins/code/ace-builds-master/src-min-noconflict/mode-svg.js 

CC: 
  SRC:E:\htdocs\qzone_proj\trunk\veditor\build\..\source\plugins\code\ace-builds-master\src-min-noconflict/mode-tcl.js 
  TAG:E:/htdocs/qzone_proj/trunk/veditor/build/../release/plugins/code/ace-builds-master/src-min-noconflict/mode-tcl.js 

CC: 
  SRC:E:\htdocs\qzone_proj\trunk\veditor\build\..\source\plugins\code\ace-builds-master\src-min-noconflict/mode-tex.js 
  TAG:E:/htdocs/qzone_proj/trunk/veditor/build/../release/plugins/code/ace-builds-master/src-min-noconflict/mode-tex.js 

CC: 
  SRC:E:\htdocs\qzone_proj\trunk\veditor\build\..\source\plugins\code\ace-builds-master\src-min-noconflict/mode-text.js 
  TAG:E:/htdocs/qzone_proj/trunk/veditor/build/../release/plugins/code/ace-builds-master/src-min-noconflict/mode-text.js 

CC: 
  SRC:E:\htdocs\qzone_proj\trunk\veditor\build\..\source\plugins\code\ace-builds-master\src-min-noconflict/mode-textile.js 
  TAG:E:/htdocs/qzone_proj/trunk/veditor/build/../release/plugins/code/ace-builds-master/src-min-noconflict/mode-textile.js 

CC: 
  SRC:E:\htdocs\qzone_proj\trunk\veditor\build\..\source\plugins\code\ace-builds-master\src-min-noconflict/mode-tmsnippet.js 
  TAG:E:/htdocs/qzone_proj/trunk/veditor/build/../release/plugins/code/ace-builds-master/src-min-noconflict/mode-tmsnippet.js 

CC: 
  SRC:E:\htdocs\qzone_proj\trunk\veditor\build\..\source\plugins\code\ace-builds-master\src-min-noconflict/mode-toml.js 
  TAG:E:/htdocs/qzone_proj/trunk/veditor/build/../release/plugins/code/ace-builds-master/src-min-noconflict/mode-toml.js 

CC: 
  SRC:E:\htdocs\qzone_proj\trunk\veditor\build\..\source\plugins\code\ace-builds-master\src-min-noconflict/mode-typescript.js 
  TAG:E:/htdocs/qzone_proj/trunk/veditor/build/../release/plugins/code/ace-builds-master/src-min-noconflict/mode-typescript.js 

CC: 
  SRC:E:\htdocs\qzone_proj\trunk\veditor\build\..\source\plugins\code\ace-builds-master\src-min-noconflict/mode-vbscript.js 
  TAG:E:/htdocs/qzone_proj/trunk/veditor/build/../release/plugins/code/ace-builds-master/src-min-noconflict/mode-vbscript.js 

CC: 
  SRC:E:\htdocs\qzone_proj\trunk\veditor\build\..\source\plugins\code\ace-builds-master\src-min-noconflict/mode-velocity.js 
  TAG:E:/htdocs/qzone_proj/trunk/veditor/build/../release/plugins/code/ace-builds-master/src-min-noconflict/mode-velocity.js 

CC: 
  SRC:E:\htdocs\qzone_proj\trunk\veditor\build\..\source\plugins\code\ace-builds-master\src-min-noconflict/mode-xml.js 
  TAG:E:/htdocs/qzone_proj/trunk/veditor/build/../release/plugins/code/ace-builds-master/src-min-noconflict/mode-xml.js 

CC: 
  SRC:E:\htdocs\qzone_proj\trunk\veditor\build\..\source\plugins\code\ace-builds-master\src-min-noconflict/mode-xquery.js 
  TAG:E:/htdocs/qzone_proj/trunk/veditor/build/../release/plugins/code/ace-builds-master/src-min-noconflict/mode-xquery.js 

CC: 
  SRC:E:\htdocs\qzone_proj\trunk\veditor\build\..\source\plugins\code\ace-builds-master\src-min-noconflict/mode-yaml.js 
  TAG:E:/htdocs/qzone_proj/trunk/veditor/build/../release/plugins/code/ace-builds-master/src-min-noconflict/mode-yaml.js 

CC: 
  SRC:E:\htdocs\qzone_proj\trunk\veditor\build\..\source\plugins\code\ace-builds-master\src-min-noconflict/theme-ambiance.js 
  TAG:E:/htdocs/qzone_proj/trunk/veditor/build/../release/plugins/code/ace-builds-master/src-min-noconflict/theme-ambiance.js 

CC: 
  SRC:E:\htdocs\qzone_proj\trunk\veditor\build\..\source\plugins\code\ace-builds-master\src-min-noconflict/theme-chaos.js 
  TAG:E:/htdocs/qzone_proj/trunk/veditor/build/../release/plugins/code/ace-builds-master/src-min-noconflict/theme-chaos.js 

CC: 
  SRC:E:\htdocs\qzone_proj\trunk\veditor\build\..\source\plugins\code\ace-builds-master\src-min-noconflict/theme-chrome.js 
  TAG:E:/htdocs/qzone_proj/trunk/veditor/build/../release/plugins/code/ace-builds-master/src-min-noconflict/theme-chrome.js 

CC: 
  SRC:E:\htdocs\qzone_proj\trunk\veditor\build\..\source\plugins\code\ace-builds-master\src-min-noconflict/theme-clouds.js 
  TAG:E:/htdocs/qzone_proj/trunk/veditor/build/../release/plugins/code/ace-builds-master/src-min-noconflict/theme-clouds.js 

CC: 
  SRC:E:\htdocs\qzone_proj\trunk\veditor\build\..\source\plugins\code\ace-builds-master\src-min-noconflict/theme-clouds_midnight.js 
  TAG:E:/htdocs/qzone_proj/trunk/veditor/build/../release/plugins/code/ace-builds-master/src-min-noconflict/theme-clouds_midnight.js 

CC: 
  SRC:E:\htdocs\qzone_proj\trunk\veditor\build\..\source\plugins\code\ace-builds-master\src-min-noconflict/theme-cobalt.js 
  TAG:E:/htdocs/qzone_proj/trunk/veditor/build/../release/plugins/code/ace-builds-master/src-min-noconflict/theme-cobalt.js 

CC: 
  SRC:E:\htdocs\qzone_proj\trunk\veditor\build\..\source\plugins\code\ace-builds-master\src-min-noconflict/theme-crimson_editor.js 
  TAG:E:/htdocs/qzone_proj/trunk/veditor/build/../release/plugins/code/ace-builds-master/src-min-noconflict/theme-crimson_editor.js 

CC: 
  SRC:E:\htdocs\qzone_proj\trunk\veditor\build\..\source\plugins\code\ace-builds-master\src-min-noconflict/theme-dawn.js 
  TAG:E:/htdocs/qzone_proj/trunk/veditor/build/../release/plugins/code/ace-builds-master/src-min-noconflict/theme-dawn.js 

CC: 
  SRC:E:\htdocs\qzone_proj\trunk\veditor\build\..\source\plugins\code\ace-builds-master\src-min-noconflict/theme-dreamweaver.js 
  TAG:E:/htdocs/qzone_proj/trunk/veditor/build/../release/plugins/code/ace-builds-master/src-min-noconflict/theme-dreamweaver.js 

CC: 
  SRC:E:\htdocs\qzone_proj\trunk\veditor\build\..\source\plugins\code\ace-builds-master\src-min-noconflict/theme-eclipse.js 
  TAG:E:/htdocs/qzone_proj/trunk/veditor/build/../release/plugins/code/ace-builds-master/src-min-noconflict/theme-eclipse.js 

CC: 
  SRC:E:\htdocs\qzone_proj\trunk\veditor\build\..\source\plugins\code\ace-builds-master\src-min-noconflict/theme-github.js 
  TAG:E:/htdocs/qzone_proj/trunk/veditor/build/../release/plugins/code/ace-builds-master/src-min-noconflict/theme-github.js 

CC: 
  SRC:E:\htdocs\qzone_proj\trunk\veditor\build\..\source\plugins\code\ace-builds-master\src-min-noconflict/theme-idle_fingers.js 
  TAG:E:/htdocs/qzone_proj/trunk/veditor/build/../release/plugins/code/ace-builds-master/src-min-noconflict/theme-idle_fingers.js 

CC: 
  SRC:E:\htdocs\qzone_proj\trunk\veditor\build\..\source\plugins\code\ace-builds-master\src-min-noconflict/theme-kr.js 
  TAG:E:/htdocs/qzone_proj/trunk/veditor/build/../release/plugins/code/ace-builds-master/src-min-noconflict/theme-kr.js 

CC: 
  SRC:E:\htdocs\qzone_proj\trunk\veditor\build\..\source\plugins\code\ace-builds-master\src-min-noconflict/theme-merbivore.js 
  TAG:E:/htdocs/qzone_proj/trunk/veditor/build/../release/plugins/code/ace-builds-master/src-min-noconflict/theme-merbivore.js 

CC: 
  SRC:E:\htdocs\qzone_proj\trunk\veditor\build\..\source\plugins\code\ace-builds-master\src-min-noconflict/theme-merbivore_soft.js 
  TAG:E:/htdocs/qzone_proj/trunk/veditor/build/../release/plugins/code/ace-builds-master/src-min-noconflict/theme-merbivore_soft.js 

CC: 
  SRC:E:\htdocs\qzone_proj\trunk\veditor\build\..\source\plugins\code\ace-builds-master\src-min-noconflict/theme-monokai.js 
  TAG:E:/htdocs/qzone_proj/trunk/veditor/build/../release/plugins/code/ace-builds-master/src-min-noconflict/theme-monokai.js 

CC: 
  SRC:E:\htdocs\qzone_proj\trunk\veditor\build\..\source\plugins\code\ace-builds-master\src-min-noconflict/theme-mono_industrial.js 
  TAG:E:/htdocs/qzone_proj/trunk/veditor/build/../release/plugins/code/ace-builds-master/src-min-noconflict/theme-mono_industrial.js 

CC: 
  SRC:E:\htdocs\qzone_proj\trunk\veditor\build\..\source\plugins\code\ace-builds-master\src-min-noconflict/theme-pastel_on_dark.js 
  TAG:E:/htdocs/qzone_proj/trunk/veditor/build/../release/plugins/code/ace-builds-master/src-min-noconflict/theme-pastel_on_dark.js 

CC: 
  SRC:E:\htdocs\qzone_proj\trunk\veditor\build\..\source\plugins\code\ace-builds-master\src-min-noconflict/theme-solarized_dark.js 
  TAG:E:/htdocs/qzone_proj/trunk/veditor/build/../release/plugins/code/ace-builds-master/src-min-noconflict/theme-solarized_dark.js 

CC: 
  SRC:E:\htdocs\qzone_proj\trunk\veditor\build\..\source\plugins\code\ace-builds-master\src-min-noconflict/theme-solarized_light.js 
  TAG:E:/htdocs/qzone_proj/trunk/veditor/build/../release/plugins/code/ace-builds-master/src-min-noconflict/theme-solarized_light.js 

CC: 
  SRC:E:\htdocs\qzone_proj\trunk\veditor\build\..\source\plugins\code\ace-builds-master\src-min-noconflict/theme-terminal.js 
  TAG:E:/htdocs/qzone_proj/trunk/veditor/build/../release/plugins/code/ace-builds-master/src-min-noconflict/theme-terminal.js 

CC: 
  SRC:E:\htdocs\qzone_proj\trunk\veditor\build\..\source\plugins\code\ace-builds-master\src-min-noconflict/theme-textmate.js 
  TAG:E:/htdocs/qzone_proj/trunk/veditor/build/../release/plugins/code/ace-builds-master/src-min-noconflict/theme-textmate.js 

CC: 
  SRC:E:\htdocs\qzone_proj\trunk\veditor\build\..\source\plugins\code\ace-builds-master\src-min-noconflict/theme-tomorrow.js 
  TAG:E:/htdocs/qzone_proj/trunk/veditor/build/../release/plugins/code/ace-builds-master/src-min-noconflict/theme-tomorrow.js 

CC: 
  SRC:E:\htdocs\qzone_proj\trunk\veditor\build\..\source\plugins\code\ace-builds-master\src-min-noconflict/theme-tomorrow_night.js 
  TAG:E:/htdocs/qzone_proj/trunk/veditor/build/../release/plugins/code/ace-builds-master/src-min-noconflict/theme-tomorrow_night.js 

CC: 
  SRC:E:\htdocs\qzone_proj\trunk\veditor\build\..\source\plugins\code\ace-builds-master\src-min-noconflict/theme-tomorrow_night_blue.js 
  TAG:E:/htdocs/qzone_proj/trunk/veditor/build/../release/plugins/code/ace-builds-master/src-min-noconflict/theme-tomorrow_night_blue.js 

CC: 
  SRC:E:\htdocs\qzone_proj\trunk\veditor\build\..\source\plugins\code\ace-builds-master\src-min-noconflict/theme-tomorrow_night_bright.js 
  TAG:E:/htdocs/qzone_proj/trunk/veditor/build/../release/plugins/code/ace-builds-master/src-min-noconflict/theme-tomorrow_night_bright.js 

CC: 
  SRC:E:\htdocs\qzone_proj\trunk\veditor\build\..\source\plugins\code\ace-builds-master\src-min-noconflict/theme-tomorrow_night_eighties.js 
  TAG:E:/htdocs/qzone_proj/trunk/veditor/build/../release/plugins/code/ace-builds-master/src-min-noconflict/theme-tomorrow_night_eighties.js 

CC: 
  SRC:E:\htdocs\qzone_proj\trunk\veditor\build\..\source\plugins\code\ace-builds-master\src-min-noconflict/theme-twilight.js 
  TAG:E:/htdocs/qzone_proj/trunk/veditor/build/../release/plugins/code/ace-builds-master/src-min-noconflict/theme-twilight.js 

CC: 
  SRC:E:\htdocs\qzone_proj\trunk\veditor\build\..\source\plugins\code\ace-builds-master\src-min-noconflict/theme-vibrant_ink.js 
  TAG:E:/htdocs/qzone_proj/trunk/veditor/build/../release/plugins/code/ace-builds-master/src-min-noconflict/theme-vibrant_ink.js 

CC: 
  SRC:E:\htdocs\qzone_proj\trunk\veditor\build\..\source\plugins\code\ace-builds-master\src-min-noconflict/theme-xcode.js 
  TAG:E:/htdocs/qzone_proj/trunk/veditor/build/../release/plugins/code/ace-builds-master/src-min-noconflict/theme-xcode.js 

CC: 
  SRC:E:\htdocs\qzone_proj\trunk\veditor\build\..\source\plugins\code\ace-builds-master\src-min-noconflict/worker-coffee.js 
  TAG:E:/htdocs/qzone_proj/trunk/veditor/build/../release/plugins/code/ace-builds-master/src-min-noconflict/worker-coffee.js 

CC: 
  SRC:E:\htdocs\qzone_proj\trunk\veditor\build\..\source\plugins\code\ace-builds-master\src-min-noconflict/worker-css.js 
  TAG:E:/htdocs/qzone_proj/trunk/veditor/build/../release/plugins/code/ace-builds-master/src-min-noconflict/worker-css.js 

CC: 
  SRC:E:\htdocs\qzone_proj\trunk\veditor\build\..\source\plugins\code\ace-builds-master\src-min-noconflict/worker-javascript.js 
  TAG:E:/htdocs/qzone_proj/trunk/veditor/build/../release/plugins/code/ace-builds-master/src-min-noconflict/worker-javascript.js 

CC: 
  SRC:E:\htdocs\qzone_proj\trunk\veditor\build\..\source\plugins\code\ace-builds-master\src-min-noconflict/worker-json.js 
  TAG:E:/htdocs/qzone_proj/trunk/veditor/build/../release/plugins/code/ace-builds-master/src-min-noconflict/worker-json.js 

CC: 
  SRC:E:\htdocs\qzone_proj\trunk\veditor\build\..\source\plugins\code\ace-builds-master\src-min-noconflict/worker-lua.js 
  TAG:E:/htdocs/qzone_proj/trunk/veditor/build/../release/plugins/code/ace-builds-master/src-min-noconflict/worker-lua.js 

CC: 
  SRC:E:\htdocs\qzone_proj\trunk\veditor\build\..\source\plugins\code\ace-builds-master\src-min-noconflict/worker-php.js 
  TAG:E:/htdocs/qzone_proj/trunk/veditor/build/../release/plugins/code/ace-builds-master/src-min-noconflict/worker-php.js 

CC: 
  SRC:E:\htdocs\qzone_proj\trunk\veditor\build\..\source\plugins\code\ace-builds-master\src-min-noconflict/worker-xquery.js 
  TAG:E:/htdocs/qzone_proj/trunk/veditor/build/../release/plugins/code/ace-builds-master/src-min-noconflict/worker-xquery.js 

CC: 
  SRC:E:\htdocs\qzone_proj\trunk\veditor\build\..\source\plugins\code/plugin.js 
  TAG:E:/htdocs/qzone_proj/trunk/veditor/build/../release/plugins/code/plugin.js 

MD:
 E:/htdocs/qzone_proj/trunk/veditor/build/../release/plugins/color/ 

CC: 
  SRC:E:\htdocs\qzone_proj\trunk\veditor\build\..\source\plugins\color/plugin.js 
  TAG:E:/htdocs/qzone_proj/trunk/veditor/build/../release/plugins/color/plugin.js 

MD:
 E:/htdocs/qzone_proj/trunk/veditor/build/../release/plugins/doc/ 

CC: 
  SRC:E:\htdocs\qzone_proj\trunk\veditor\build\..\source\plugins\doc/CommonFileUploader.swf 
  TAG:E:/htdocs/qzone_proj/trunk/veditor/build/../release/plugins/doc/CommonFileUploader.swf 

CC: 
  SRC:E:\htdocs\qzone_proj\trunk\veditor\build\..\source\plugins\doc/plugin.js 
  TAG:E:/htdocs/qzone_proj/trunk/veditor/build/../release/plugins/doc/plugin.js 

CC: 
  SRC:E:\htdocs\qzone_proj\trunk\veditor\build\..\source\plugins\doc/upload.html 
  TAG:E:/htdocs/qzone_proj/trunk/veditor/build/../release/plugins/doc/upload.html 

MD:
 E:/htdocs/qzone_proj/trunk/veditor/build/../release/plugins/emotion/ 

CC: 
  SRC:E:\htdocs\qzone_proj\trunk\veditor\build\..\source\plugins\emotion/plugin.js 
  TAG:E:/htdocs/qzone_proj/trunk/veditor/build/../release/plugins/emotion/plugin.js 

MD:
 E:/htdocs/qzone_proj/trunk/veditor/build/../release/plugins/font/ 

CC: 
  SRC:E:\htdocs\qzone_proj\trunk\veditor\build\..\source\plugins\font/plugin.js 
  TAG:E:/htdocs/qzone_proj/trunk/veditor/build/../release/plugins/font/plugin.js 

MD:
 E:/htdocs/qzone_proj/trunk/veditor/build/../release/plugins/glowfont/ 

CC: 
  SRC:E:\htdocs\qzone_proj\trunk\veditor\build\..\source\plugins\glowfont/plugin.js 
  TAG:E:/htdocs/qzone_proj/trunk/veditor/build/../release/plugins/glowfont/plugin.js 

MD:
 E:/htdocs/qzone_proj/trunk/veditor/build/../release/plugins/history/ 

CC: 
  SRC:E:\htdocs\qzone_proj\trunk\veditor\build\..\source\plugins\history/plugin.js 
  TAG:E:/htdocs/qzone_proj/trunk/veditor/build/../release/plugins/history/plugin.js 

MD:
 E:/htdocs/qzone_proj/trunk/veditor/build/../release/plugins/htmleditor/ 

CC: 
  SRC:E:\htdocs\qzone_proj\trunk\veditor\build\..\source\plugins\htmleditor/plugin.js 
  TAG:E:/htdocs/qzone_proj/trunk/veditor/build/../release/plugins/htmleditor/plugin.js 

MD:
 E:/htdocs/qzone_proj/trunk/veditor/build/../release/plugins/imagetools/ 

CC: 
  SRC:E:\htdocs\qzone_proj\trunk\veditor\build\..\source\plugins\imagetools/plugin.js 
  TAG:E:/htdocs/qzone_proj/trunk/veditor/build/../release/plugins/imagetools/plugin.js 

MD:
 E:/htdocs/qzone_proj/trunk/veditor/build/../release/plugins/linetag/ 

CC: 
  SRC:E:\htdocs\qzone_proj\trunk\veditor\build\..\source\plugins\linetag/plugin.js 
  TAG:E:/htdocs/qzone_proj/trunk/veditor/build/../release/plugins/linetag/plugin.js 

MD:
 E:/htdocs/qzone_proj/trunk/veditor/build/../release/plugins/link/ 

CC: 
  SRC:E:\htdocs\qzone_proj\trunk\veditor\build\..\source\plugins\link/plugin.js 
  TAG:E:/htdocs/qzone_proj/trunk/veditor/build/../release/plugins/link/plugin.js 

MD:
 E:/htdocs/qzone_proj/trunk/veditor/build/../release/plugins/list/ 

CC: 
  SRC:E:\htdocs\qzone_proj\trunk\veditor\build\..\source\plugins\list/plugin.js 
  TAG:E:/htdocs/qzone_proj/trunk/veditor/build/../release/plugins/list/plugin.js 

MD:
 E:/htdocs/qzone_proj/trunk/veditor/build/../release/plugins/profileimage/ 

CC: 
  SRC:E:\htdocs\qzone_proj\trunk\veditor\build\..\source\plugins\profileimage/plugin.js 
  TAG:E:/htdocs/qzone_proj/trunk/veditor/build/../release/plugins/profileimage/plugin.js 

MD:
 E:/htdocs/qzone_proj/trunk/veditor/build/../release/plugins/qzoneblogsave/ 

CC: 
  SRC:E:\htdocs\qzone_proj\trunk\veditor\build\..\source\plugins\qzoneblogsave/plugin.js 
  TAG:E:/htdocs/qzone_proj/trunk/veditor/build/../release/plugins/qzoneblogsave/plugin.js 

MD:
 E:/htdocs/qzone_proj/trunk/veditor/build/../release/plugins/qzoneblogtoolbarpin/ 

CC: 
  SRC:E:\htdocs\qzone_proj\trunk\veditor\build\..\source\plugins\qzoneblogtoolbarpin/plugin.js 
  TAG:E:/htdocs/qzone_proj/trunk/veditor/build/../release/plugins/qzoneblogtoolbarpin/plugin.js 

MD:
 E:/htdocs/qzone_proj/trunk/veditor/build/../release/plugins/qzoneflash/ 

CC: 
  SRC:E:\htdocs\qzone_proj\trunk\veditor\build\..\source\plugins\qzoneflash/plugin.js 
  TAG:E:/htdocs/qzone_proj/trunk/veditor/build/../release/plugins/qzoneflash/plugin.js 

MD:
 E:/htdocs/qzone_proj/trunk/veditor/build/../release/plugins/qzonefullscreen/ 

CC: 
  SRC:E:\htdocs\qzone_proj\trunk\veditor\build\..\source\plugins\qzonefullscreen/plugin.js 
  TAG:E:/htdocs/qzone_proj/trunk/veditor/build/../release/plugins/qzonefullscreen/plugin.js 

MD:
 E:/htdocs/qzone_proj/trunk/veditor/build/../release/plugins/qzoneimage/ 

CC: 
  SRC:E:\htdocs\qzone_proj\trunk\veditor\build\..\source\plugins\qzoneimage/plugin.js 
  TAG:E:/htdocs/qzone_proj/trunk/veditor/build/../release/plugins/qzoneimage/plugin.js 

MD:
 E:/htdocs/qzone_proj/trunk/veditor/build/../release/plugins/qzoneimageas/ 

CC: 
  SRC:E:\htdocs\qzone_proj\trunk\veditor\build\..\source\plugins\qzoneimageas/plugin.js 
  TAG:E:/htdocs/qzone_proj/trunk/veditor/build/../release/plugins/qzoneimageas/plugin.js 

MD:
 E:/htdocs/qzone_proj/trunk/veditor/build/../release/plugins/qzonemedia/ 

CC: 
  SRC:E:\htdocs\qzone_proj\trunk\veditor\build\..\source\plugins\qzonemedia/plugin.js 
  TAG:E:/htdocs/qzone_proj/trunk/veditor/build/../release/plugins/qzonemedia/plugin.js 

MD:
 E:/htdocs/qzone_proj/trunk/veditor/build/../release/plugins/qzonemention/ 

CC: 
  SRC:E:\htdocs\qzone_proj\trunk\veditor\build\..\source\plugins\qzonemention/plugin.js 
  TAG:E:/htdocs/qzone_proj/trunk/veditor/build/../release/plugins/qzonemention/plugin.js 

MD:
 E:/htdocs/qzone_proj/trunk/veditor/build/../release/plugins/qzonemusic/ 

CC: 
  SRC:E:\htdocs\qzone_proj\trunk\veditor\build\..\source\plugins\qzonemusic/plugin.js 
  TAG:E:/htdocs/qzone_proj/trunk/veditor/build/../release/plugins/qzonemusic/plugin.js 

MD:
 E:/htdocs/qzone_proj/trunk/veditor/build/../release/plugins/qzoneqqshowbubble/ 

CC: 
  SRC:E:\htdocs\qzone_proj\trunk\veditor\build\..\source\plugins\qzoneqqshowbubble/plugin.js 
  TAG:E:/htdocs/qzone_proj/trunk/veditor/build/../release/plugins/qzoneqqshowbubble/plugin.js 

MD:
 E:/htdocs/qzone_proj/trunk/veditor/build/../release/plugins/qzonesidealbum/ 

CC: 
  SRC:E:\htdocs\qzone_proj\trunk\veditor\build\..\source\plugins\qzonesidealbum/plugin.js 
  TAG:E:/htdocs/qzone_proj/trunk/veditor/build/../release/plugins/qzonesidealbum/plugin.js 

MD:
 E:/htdocs/qzone_proj/trunk/veditor/build/../release/plugins/qzonevideo/ 

CC: 
  SRC:E:\htdocs\qzone_proj\trunk\veditor\build\..\source\plugins\qzonevideo/plugin.js 
  TAG:E:/htdocs/qzone_proj/trunk/veditor/build/../release/plugins/qzonevideo/plugin.js 

MD:
 E:/htdocs/qzone_proj/trunk/veditor/build/../release/plugins/qzonevipfont/ 

CC: 
  SRC:E:\htdocs\qzone_proj\trunk\veditor\build\..\source\plugins\qzonevipfont/plugin.js 
  TAG:E:/htdocs/qzone_proj/trunk/veditor/build/../release/plugins/qzonevipfont/plugin.js 

MD:
 E:/htdocs/qzone_proj/trunk/veditor/build/../release/plugins/qzonevphoto/ 

CC: 
  SRC:E:\htdocs\qzone_proj\trunk\veditor\build\..\source\plugins\qzonevphoto/plugin.js 
  TAG:E:/htdocs/qzone_proj/trunk/veditor/build/../release/plugins/qzonevphoto/plugin.js 

MD:
 E:/htdocs/qzone_proj/trunk/veditor/build/../release/plugins/removeformat/ 

CC: 
  SRC:E:\htdocs\qzone_proj\trunk\veditor\build\..\source\plugins\removeformat/plugin.js 
  TAG:E:/htdocs/qzone_proj/trunk/veditor/build/../release/plugins/removeformat/plugin.js 

MD:
 E:/htdocs/qzone_proj/trunk/veditor/build/../release/plugins/save/ 

CC: 
  SRC:E:\htdocs\qzone_proj\trunk\veditor\build\..\source\plugins\save/plugin.js 
  TAG:E:/htdocs/qzone_proj/trunk/veditor/build/../release/plugins/save/plugin.js 

MD:
 E:/htdocs/qzone_proj/trunk/veditor/build/../release/plugins/screenshot/ 

CC: 
  SRC:E:\htdocs\qzone_proj\trunk\veditor\build\..\source\plugins\screenshot/plugin.js 
  TAG:E:/htdocs/qzone_proj/trunk/veditor/build/../release/plugins/screenshot/plugin.js 

MD:
 E:/htdocs/qzone_proj/trunk/veditor/build/../release/plugins/sosoemotion/ 

CC: 
  SRC:E:\htdocs\qzone_proj\trunk\veditor\build\..\source\plugins\sosoemotion/plugin.js 
  TAG:E:/htdocs/qzone_proj/trunk/veditor/build/../release/plugins/sosoemotion/plugin.js 

MD:
 E:/htdocs/qzone_proj/trunk/veditor/build/../release/plugins/tab/ 

CC: 
  SRC:E:\htdocs\qzone_proj\trunk\veditor\build\..\source\plugins\tab/plugin.js 
  TAG:E:/htdocs/qzone_proj/trunk/veditor/build/../release/plugins/tab/plugin.js 

MD:
 E:/htdocs/qzone_proj/trunk/veditor/build/../release/plugins/table/ 

CC: 
  SRC:E:\htdocs\qzone_proj\trunk\veditor\build\..\source\plugins\table/plugin.js 
  TAG:E:/htdocs/qzone_proj/trunk/veditor/build/../release/plugins/table/plugin.js 

MD:
 E:/htdocs/qzone_proj/trunk/veditor/build/../release/plugins/textjustify/ 

CC: 
  SRC:E:\htdocs\qzone_proj\trunk\veditor\build\..\source\plugins\textjustify/plugin.js 
  TAG:E:/htdocs/qzone_proj/trunk/veditor/build/../release/plugins/textjustify/plugin.js 

MD:
 E:/htdocs/qzone_proj/trunk/veditor/build/../release/plugins/textsymbol/ 

CC: 
  SRC:E:\htdocs\qzone_proj\trunk\veditor\build\..\source\plugins\textsymbol/plugin.js 
  TAG:E:/htdocs/qzone_proj/trunk/veditor/build/../release/plugins/textsymbol/plugin.js 

MD:
 E:/htdocs/qzone_proj/trunk/veditor/build/../release/plugins/toolbarswitcher/ 

CC: 
  SRC:E:\htdocs\qzone_proj\trunk\veditor\build\..\source\plugins\toolbarswitcher/advance.css 
  TAG:E:/htdocs/qzone_proj/trunk/veditor/build/../release/plugins/toolbarswitcher/advance.css 

CC: 
  SRC:E:\htdocs\qzone_proj\trunk\veditor\build\..\source\plugins\toolbarswitcher/base.css 
  TAG:E:/htdocs/qzone_proj/trunk/veditor/build/../release/plugins/toolbarswitcher/base.css 

CC: 
  SRC:E:\htdocs\qzone_proj\trunk\veditor\build\..\source\plugins\toolbarswitcher/plugin.js 
  TAG:E:/htdocs/qzone_proj/trunk/veditor/build/../release/plugins/toolbarswitcher/plugin.js 

MD:
 E:/htdocs/qzone_proj/trunk/veditor/build/../release/plugins/xpaste/ 

CC: 
  SRC:E:\htdocs\qzone_proj\trunk\veditor\build\..\source\plugins\xpaste/plugin.js 
  TAG:E:/htdocs/qzone_proj/trunk/veditor/build/../release/plugins/xpaste/plugin.js 

MD:
 E:/htdocs/qzone_proj/trunk/veditor/build/../release/resource/ 

MD:
 E:/htdocs/qzone_proj/trunk/veditor/build/../release/resource/colorpicker/ 

CC: 
  SRC:E:\htdocs\qzone_proj\trunk\veditor\build\..\source\resource\colorpicker/colorpicker.css 
  TAG:E:/htdocs/qzone_proj/trunk/veditor/build/../release/resource/colorpicker/colorpicker.css 

CC: 
  SRC:E:\htdocs\qzone_proj\trunk\veditor\build\..\source\resource\colorpicker/colorpicker.js 
  TAG:E:/htdocs/qzone_proj/trunk/veditor/build/../release/resource/colorpicker/colorpicker.js 

CC: 
  SRC:E:\htdocs\qzone_proj\trunk\veditor\build\..\source\resource\colorpicker/qzfl_color.png 
  TAG:E:/htdocs/qzone_proj/trunk/veditor/build/../release/resource/colorpicker/qzfl_color.png 

CC: 
  SRC:E:\htdocs\qzone_proj\trunk\veditor\build\..\source\resource\colorpicker/qzfl_color_panel.png 
  TAG:E:/htdocs/qzone_proj/trunk/veditor/build/../release/resource/colorpicker/qzfl_color_panel.png 

MD:
 E:/htdocs/qzone_proj/trunk/veditor/build/../release/resource/emotion/ 

MD:
 E:/htdocs/qzone_proj/trunk/veditor/build/../release/view/ 

MD:
 E:/htdocs/qzone_proj/trunk/veditor/build/../release/view/def/ 

MD:
 E:/htdocs/qzone_proj/trunk/veditor/build/../release/view/def/css/ 

CC: 
  SRC:E:\htdocs\qzone_proj\trunk\veditor\build\..\source\view\def\css/content.css 
  TAG:E:/htdocs/qzone_proj/trunk/veditor/build/../release/view/def/css/content.css 

CC: 
  SRC:E:\htdocs\qzone_proj\trunk\veditor\build\..\source\view\def\css/global.css 
  TAG:E:/htdocs/qzone_proj/trunk/veditor/build/../release/view/def/css/global.css 

MD:
 E:/htdocs/qzone_proj/trunk/veditor/build/../release/view/def/img/ 

CC: 
  SRC:E:\htdocs\qzone_proj\trunk\veditor\build\..\source\view\def\img/advtoolbarbg.png 
  TAG:E:/htdocs/qzone_proj/trunk/veditor/build/../release/view/def/img/advtoolbarbg.png 

CC: 
  SRC:E:\htdocs\qzone_proj\trunk\veditor\build\..\source\view\def\img/bg.png 
  TAG:E:/htdocs/qzone_proj/trunk/veditor/build/../release/view/def/img/bg.png 

CC: 
  SRC:E:\htdocs\qzone_proj\trunk\veditor\build\..\source\view\def\img/flash_cover.gif 
  TAG:E:/htdocs/qzone_proj/trunk/veditor/build/../release/view/def/img/flash_cover.gif 

CC: 
  SRC:E:\htdocs\qzone_proj\trunk\veditor\build\..\source\view\def\img/fullscreen_rpt_bg.png 
  TAG:E:/htdocs/qzone_proj/trunk/veditor/build/../release/view/def/img/fullscreen_rpt_bg.png 

CC: 
  SRC:E:\htdocs\qzone_proj\trunk\veditor\build\..\source\view\def\img/gray_line.png 
  TAG:E:/htdocs/qzone_proj/trunk/veditor/build/../release/view/def/img/gray_line.png 

CC: 
  SRC:E:\htdocs\qzone_proj\trunk\veditor\build\..\source\view\def\img/icon_pic_edit.gif 
  TAG:E:/htdocs/qzone_proj/trunk/veditor/build/../release/view/def/img/icon_pic_edit.gif 

CC: 
  SRC:E:\htdocs\qzone_proj\trunk\veditor\build\..\source\view\def\img/img_error.png 
  TAG:E:/htdocs/qzone_proj/trunk/veditor/build/../release/view/def/img/img_error.png 

CC: 
  SRC:E:\htdocs\qzone_proj\trunk\veditor\build\..\source\view\def\img/img_reupload.png 
  TAG:E:/htdocs/qzone_proj/trunk/veditor/build/../release/view/def/img/img_reupload.png 

CC: 
  SRC:E:\htdocs\qzone_proj\trunk\veditor\build\..\source\view\def\img/img_uploading.gif 
  TAG:E:/htdocs/qzone_proj/trunk/veditor/build/../release/view/def/img/img_uploading.gif 

CC: 
  SRC:E:\htdocs\qzone_proj\trunk\veditor\build\..\source\view\def\img/music_cover.jpg 
  TAG:E:/htdocs/qzone_proj/trunk/veditor/build/../release/view/def/img/music_cover.jpg 

CC: 
  SRC:E:\htdocs\qzone_proj\trunk\veditor\build\..\source\view\def\img/music_cover_multi.jpg 
  TAG:E:/htdocs/qzone_proj/trunk/veditor/build/../release/view/def/img/music_cover_multi.jpg 

CC: 
  SRC:E:\htdocs\qzone_proj\trunk\veditor\build\..\source\view\def\img/pupop_bg.png 
  TAG:E:/htdocs/qzone_proj/trunk/veditor/build/../release/view/def/img/pupop_bg.png 

CC: 
  SRC:E:\htdocs\qzone_proj\trunk\veditor\build\..\source\view\def\img/submit_blog_btn_notext.png 
  TAG:E:/htdocs/qzone_proj/trunk/veditor/build/../release/view/def/img/submit_blog_btn_notext.png 

CC: 
  SRC:E:\htdocs\qzone_proj\trunk\veditor\build\..\source\view\def\img/toolbarbg.png 
  TAG:E:/htdocs/qzone_proj/trunk/veditor/build/../release/view/def/img/toolbarbg.png 

CC: 
  SRC:E:\htdocs\qzone_proj\trunk\veditor\build\..\source\view\def\img/video_cover.gif 
  TAG:E:/htdocs/qzone_proj/trunk/veditor/build/../release/view/def/img/video_cover.gif 

CC: 
  SRC:E:\htdocs\qzone_proj\trunk\veditor\build\..\source\view\def/view.js 
  TAG:E:/htdocs/qzone_proj/trunk/veditor/build/../release/view/def/view.js 
====================================================== 
 
done. 
